<?xml version="1.0" encoding="UTF-8" ?>
<testsuite tests="3" failures="0" name="appium.testcase.TestSearch" time="85.03" errors="0" skipped="0">
  <properties>
    <property name="java.runtime.name" value="Java(TM) SE Runtime Environment"/>
    <property name="sun.boot.library.path" value="C:\Program Files\Java\jdk1.8.0_162\jre\bin"/>
    <property name="java.vm.version" value="25.162-b12"/>
    <property name="java.vm.vendor" value="Oracle Corporation"/>
    <property name="java.vendor.url" value="http://java.oracle.com/"/>
    <property name="path.separator" value=";"/>
    <property name="java.vm.name" value="Java HotSpot(TM) 64-Bit Server VM"/>
    <property name="file.encoding.pkg" value="sun.io"/>
    <property name="user.script" value=""/>
    <property name="user.country" value="CN"/>
    <property name="sun.java.launcher" value="SUN_STANDARD"/>
    <property name="sun.os.patch.level" value="Service Pack 1"/>
    <property name="test" value="TestSearch"/>
    <property name="java.vm.specification.name" value="Java Virtual Machine Specification"/>
    <property name="user.dir" value="E:\javascripts\study\testunitnew"/>
    <property name="java.runtime.version" value="1.8.0_162-b12"/>
    <property name="java.awt.graphicsenv" value="sun.awt.Win32GraphicsEnvironment"/>
    <property name="basedir" value="E:\javascripts\study\testunitnew"/>
    <property name="java.endorsed.dirs" value="C:\Program Files\Java\jdk1.8.0_162\jre\lib\endorsed"/>
    <property name="os.arch" value="amd64"/>
    <property name="surefire.real.class.path" value="E:\javascripts\study\testunitnew\target\surefire\surefirebooter3728777809344770512.jar;D:\\maven_repository\\org\\jacoco\\org.jacoco.agent\\0.8.5\\org.jacoco.agent-0.8.5-runtime.jar"/>
    <property name="java.io.tmpdir" value="C:\Users\LIUJIA~1\AppData\Local\Temp\"/>
    <property name="line.separator" value="
"/>
    <property name="java.vm.specification.vendor" value="Oracle Corporation"/>
    <property name="user.variant" value=""/>
    <property name="os.name" value="Windows 7"/>
    <property name="sun.jnu.encoding" value="GBK"/>
    <property name="java.library.path" value="C:\Program Files\Java\jdk1.8.0_162\jre\bin;C:\windows\Sun\Java\bin;C:\windows\system32;C:\windows;D:\software\yidongduan\gitbash\mingw64\bin;D:\software\yidongduan\gitbash\usr\bin;C:\Users\liujiangbo\bin;C:\Program Files\Java\jdk1.8.0_162\bin;C:\Program Files\Java\jdk1.8.0_162\jre\bin;C:\Program Files (x86)\Common Files\Oracle\Java\javapath;C:\ProgramData\Oracle\JavD;D:\software\yidongduan\gitbash\software\node-v10.16.2-win-x64a\javapath;C:\Program Files (x86)\Intel\iCLS Client;C:\Program Files\Intel\iCLS Client;C:\windows\system32;C:\windows;C:\windows\System32\Wbem;C:\windows\System32\WindowsPowerShell\v1.0;C:\Program Files\Intel\WiFi\bin;C:\Program Files\Common Files\Intel\WirelessCommon;C:\Program Files\Lenovo\Touch Fingerprint Software;C:\Program Files (x86)\Intel\UCRT;C:\Program Files\Intel\UCRT;C:\Program Files (x86)\Intel\Intel(R) Management Engine Components\DAL;C:\Program Files\Intel\Intel(R) Management Engine Components\DAL;C:\Program Files (x86)\Intel\Intel(R) Management Engine Components\IPT;C:\Program Files\Intel\Intel(R) Management Engine Components\IPT;C:\Program Files\Java\jdk1.8.0_162\bin;C:\Program Files\Java\jdk1.8.0_162\jre\bin;C:\strawberry\c\bin;C:\strawberry\perl\bin;D:\software\maven3\bin;C:\Program Files\TortoiseGit\bin;D:\software\btrace-bin-1.3.5\bin;D:\Python36;D:\Python36\Lib\site-packages\django;D:\Python36\Lib\site-packages;D:\Python36\Lib;D:\software\tomcat8\bin;E:\software\mysql-8.0.16-winx64-1\bin;D:\software\node-v10.16.2-win-x64;D:\software\yidongduan\androidstudio\sdk\tools;D:\software\yidongduan\androidstudio\sdk\platform-tools;D:\software\yidongduan\gitbash\;D:\software\yidongduan\gitbash\usr\bin;D:\software\yidongduan\selenium\chromedriver_win32;C:\Program Files\Intel\WiFi\bin;C:\Program Files\Common Files\Intel\WirelessCommon;D:\Python36;D:\software\yidongduan\androidstudio\sdk\tools\bin;C:\Program Files\Java\jdk1.8.0_162\bin;C:\Program Files\Java\jdk1.8.0_162\jre\bin;."/>
    <property name="surefire.test.class.path" value="E:\javascripts\study\testunitnew\target\test-classes;E:\javascripts\study\testunitnew\target\classes;D:\maven_repository\org\junit\platform\junit-platform-launcher\1.5.1\junit-platform-launcher-1.5.1.jar;D:\maven_repository\org\apiguardian\apiguardian-api\1.1.0\apiguardian-api-1.1.0.jar;D:\maven_repository\org\junit\platform\junit-platform-engine\1.5.1\junit-platform-engine-1.5.1.jar;D:\maven_repository\org\junit\jupiter\junit-jupiter-api\5.5.2\junit-jupiter-api-5.5.2.jar;D:\maven_repository\org\opentest4j\opentest4j\1.2.0\opentest4j-1.2.0.jar;D:\maven_repository\org\junit\platform\junit-platform-commons\1.5.2\junit-platform-commons-1.5.2.jar;D:\maven_repository\org\junit\jupiter\junit-jupiter-engine\5.5.2\junit-jupiter-engine-5.5.2.jar;D:\maven_repository\org\junit\jupiter\junit-jupiter-params\5.5.2\junit-jupiter-params-5.5.2.jar;D:\maven_repository\org\junit\vintage\junit-vintage-engine\5.5.2\junit-vintage-engine-5.5.2.jar;D:\maven_repository\junit\junit\4.12\junit-4.12.jar;D:\maven_repository\org\hamcrest\hamcrest-core\2.1\hamcrest-core-2.1.jar;D:\maven_repository\org\hamcrest\hamcrest\2.1\hamcrest-2.1.jar;D:\maven_repository\pl\pragmatists\JUnitParams\1.1.1\JUnitParams-1.1.1.jar;D:\maven_repository\org\mockito\mockito-core\2.15.0\mockito-core-2.15.0.jar;D:\maven_repository\net\bytebuddy\byte-buddy\1.7.9\byte-buddy-1.7.9.jar;D:\maven_repository\net\bytebuddy\byte-buddy-agent\1.7.9\byte-buddy-agent-1.7.9.jar;D:\maven_repository\org\objenesis\objenesis\2.6\objenesis-2.6.jar;D:\maven_repository\org\seleniumhq\selenium\selenium-java\3.141.59\selenium-java-3.141.59.jar;D:\maven_repository\org\seleniumhq\selenium\selenium-api\3.141.59\selenium-api-3.141.59.jar;D:\maven_repository\org\seleniumhq\selenium\selenium-chrome-driver\3.141.59\selenium-chrome-driver-3.141.59.jar;D:\maven_repository\org\seleniumhq\selenium\selenium-edge-driver\3.141.59\selenium-edge-driver-3.141.59.jar;D:\maven_repository\org\seleniumhq\selenium\selenium-firefox-driver\3.141.59\selenium-firefox-driver-3.141.59.jar;D:\maven_repository\org\seleniumhq\selenium\selenium-ie-driver\3.141.59\selenium-ie-driver-3.141.59.jar;D:\maven_repository\org\seleniumhq\selenium\selenium-opera-driver\3.141.59\selenium-opera-driver-3.141.59.jar;D:\maven_repository\org\seleniumhq\selenium\selenium-remote-driver\3.141.59\selenium-remote-driver-3.141.59.jar;D:\maven_repository\org\seleniumhq\selenium\selenium-safari-driver\3.141.59\selenium-safari-driver-3.141.59.jar;D:\maven_repository\org\seleniumhq\selenium\selenium-support\3.141.59\selenium-support-3.141.59.jar;D:\maven_repository\org\apache\commons\commons-exec\1.3\commons-exec-1.3.jar;D:\maven_repository\com\google\guava\guava\25.0-jre\guava-25.0-jre.jar;D:\maven_repository\com\google\code\findbugs\jsr305\1.3.9\jsr305-1.3.9.jar;D:\maven_repository\org\checkerframework\checker-compat-qual\2.0.0\checker-compat-qual-2.0.0.jar;D:\maven_repository\com\google\errorprone\error_prone_annotations\2.1.3\error_prone_annotations-2.1.3.jar;D:\maven_repository\com\google\j2objc\j2objc-annotations\1.1\j2objc-annotations-1.1.jar;D:\maven_repository\org\codehaus\mojo\animal-sniffer-annotations\1.14\animal-sniffer-annotations-1.14.jar;D:\maven_repository\com\squareup\okhttp3\okhttp\3.11.0\okhttp-3.11.0.jar;D:\maven_repository\com\squareup\okio\okio\1.14.0\okio-1.14.0.jar;D:\maven_repository\io\appium\java-client\7.0.0\java-client-7.0.0.jar;D:\maven_repository\com\google\code\gson\gson\2.8.5\gson-2.8.5.jar;D:\maven_repository\org\apache\httpcomponents\httpclient\4.5.6\httpclient-4.5.6.jar;D:\maven_repository\org\apache\httpcomponents\httpcore\4.4.10\httpcore-4.4.10.jar;D:\maven_repository\commons-logging\commons-logging\1.2\commons-logging-1.2.jar;D:\maven_repository\commons-codec\commons-codec\1.10\commons-codec-1.10.jar;D:\maven_repository\cglib\cglib\3.2.8\cglib-3.2.8.jar;D:\maven_repository\org\ow2\asm\asm\6.2.1\asm-6.2.1.jar;D:\maven_repository\org\apache\ant\ant\1.10.3\ant-1.10.3.jar;D:\maven_repository\org\apache\ant\ant-launcher\1.10.3\ant-launcher-1.10.3.jar;D:\maven_repository\commons-validator\commons-validator\1.6\commons-validator-1.6.jar;D:\maven_repository\commons-beanutils\commons-beanutils\1.9.2\commons-beanutils-1.9.2.jar;D:\maven_repository\commons-digester\commons-digester\1.8.1\commons-digester-1.8.1.jar;D:\maven_repository\commons-collections\commons-collections\3.2.2\commons-collections-3.2.2.jar;D:\maven_repository\org\apache\commons\commons-lang3\3.8\commons-lang3-3.8.jar;D:\maven_repository\commons-io\commons-io\2.6\commons-io-2.6.jar;D:\maven_repository\org\springframework\spring-context\5.1.0.RELEASE\spring-context-5.1.0.RELEASE.jar;D:\maven_repository\org\springframework\spring-aop\5.1.0.RELEASE\spring-aop-5.1.0.RELEASE.jar;D:\maven_repository\org\springframework\spring-beans\5.1.0.RELEASE\spring-beans-5.1.0.RELEASE.jar;D:\maven_repository\org\springframework\spring-core\5.1.0.RELEASE\spring-core-5.1.0.RELEASE.jar;D:\maven_repository\org\springframework\spring-jcl\5.1.0.RELEASE\spring-jcl-5.1.0.RELEASE.jar;D:\maven_repository\org\springframework\spring-expression\5.1.0.RELEASE\spring-expression-5.1.0.RELEASE.jar;D:\maven_repository\org\aspectj\aspectjweaver\1.9.1\aspectjweaver-1.9.1.jar;D:\maven_repository\org\slf4j\slf4j-api\1.7.25\slf4j-api-1.7.25.jar;"/>
    <property name="java.specification.name" value="Java Platform API Specification"/>
    <property name="java.class.version" value="52.0"/>
    <property name="sun.management.compiler" value="HotSpot 64-Bit Tiered Compilers"/>
    <property name="os.version" value="6.1"/>
    <property name="user.home" value="C:\Users\liujiangbo"/>
    <property name="user.timezone" value="Asia/Shanghai"/>
    <property name="java.awt.printerjob" value="sun.awt.windows.WPrinterJob"/>
    <property name="java.specification.version" value="1.8"/>
    <property name="file.encoding" value="GBK"/>
    <property name="user.name" value="liujiangbo"/>
    <property name="java.class.path" value="E:\javascripts\study\testunitnew\target\test-classes;E:\javascripts\study\testunitnew\target\classes;D:\maven_repository\org\junit\platform\junit-platform-launcher\1.5.1\junit-platform-launcher-1.5.1.jar;D:\maven_repository\org\apiguardian\apiguardian-api\1.1.0\apiguardian-api-1.1.0.jar;D:\maven_repository\org\junit\platform\junit-platform-engine\1.5.1\junit-platform-engine-1.5.1.jar;D:\maven_repository\org\junit\jupiter\junit-jupiter-api\5.5.2\junit-jupiter-api-5.5.2.jar;D:\maven_repository\org\opentest4j\opentest4j\1.2.0\opentest4j-1.2.0.jar;D:\maven_repository\org\junit\platform\junit-platform-commons\1.5.2\junit-platform-commons-1.5.2.jar;D:\maven_repository\org\junit\jupiter\junit-jupiter-engine\5.5.2\junit-jupiter-engine-5.5.2.jar;D:\maven_repository\org\junit\jupiter\junit-jupiter-params\5.5.2\junit-jupiter-params-5.5.2.jar;D:\maven_repository\org\junit\vintage\junit-vintage-engine\5.5.2\junit-vintage-engine-5.5.2.jar;D:\maven_repository\junit\junit\4.12\junit-4.12.jar;D:\maven_repository\org\hamcrest\hamcrest-core\2.1\hamcrest-core-2.1.jar;D:\maven_repository\org\hamcrest\hamcrest\2.1\hamcrest-2.1.jar;D:\maven_repository\pl\pragmatists\JUnitParams\1.1.1\JUnitParams-1.1.1.jar;D:\maven_repository\org\mockito\mockito-core\2.15.0\mockito-core-2.15.0.jar;D:\maven_repository\net\bytebuddy\byte-buddy\1.7.9\byte-buddy-1.7.9.jar;D:\maven_repository\net\bytebuddy\byte-buddy-agent\1.7.9\byte-buddy-agent-1.7.9.jar;D:\maven_repository\org\objenesis\objenesis\2.6\objenesis-2.6.jar;D:\maven_repository\org\seleniumhq\selenium\selenium-java\3.141.59\selenium-java-3.141.59.jar;D:\maven_repository\org\seleniumhq\selenium\selenium-api\3.141.59\selenium-api-3.141.59.jar;D:\maven_repository\org\seleniumhq\selenium\selenium-chrome-driver\3.141.59\selenium-chrome-driver-3.141.59.jar;D:\maven_repository\org\seleniumhq\selenium\selenium-edge-driver\3.141.59\selenium-edge-driver-3.141.59.jar;D:\maven_repository\org\seleniumhq\selenium\selenium-firefox-driver\3.141.59\selenium-firefox-driver-3.141.59.jar;D:\maven_repository\org\seleniumhq\selenium\selenium-ie-driver\3.141.59\selenium-ie-driver-3.141.59.jar;D:\maven_repository\org\seleniumhq\selenium\selenium-opera-driver\3.141.59\selenium-opera-driver-3.141.59.jar;D:\maven_repository\org\seleniumhq\selenium\selenium-remote-driver\3.141.59\selenium-remote-driver-3.141.59.jar;D:\maven_repository\org\seleniumhq\selenium\selenium-safari-driver\3.141.59\selenium-safari-driver-3.141.59.jar;D:\maven_repository\org\seleniumhq\selenium\selenium-support\3.141.59\selenium-support-3.141.59.jar;D:\maven_repository\org\apache\commons\commons-exec\1.3\commons-exec-1.3.jar;D:\maven_repository\com\google\guava\guava\25.0-jre\guava-25.0-jre.jar;D:\maven_repository\com\google\code\findbugs\jsr305\1.3.9\jsr305-1.3.9.jar;D:\maven_repository\org\checkerframework\checker-compat-qual\2.0.0\checker-compat-qual-2.0.0.jar;D:\maven_repository\com\google\errorprone\error_prone_annotations\2.1.3\error_prone_annotations-2.1.3.jar;D:\maven_repository\com\google\j2objc\j2objc-annotations\1.1\j2objc-annotations-1.1.jar;D:\maven_repository\org\codehaus\mojo\animal-sniffer-annotations\1.14\animal-sniffer-annotations-1.14.jar;D:\maven_repository\com\squareup\okhttp3\okhttp\3.11.0\okhttp-3.11.0.jar;D:\maven_repository\com\squareup\okio\okio\1.14.0\okio-1.14.0.jar;D:\maven_repository\io\appium\java-client\7.0.0\java-client-7.0.0.jar;D:\maven_repository\com\google\code\gson\gson\2.8.5\gson-2.8.5.jar;D:\maven_repository\org\apache\httpcomponents\httpclient\4.5.6\httpclient-4.5.6.jar;D:\maven_repository\org\apache\httpcomponents\httpcore\4.4.10\httpcore-4.4.10.jar;D:\maven_repository\commons-logging\commons-logging\1.2\commons-logging-1.2.jar;D:\maven_repository\commons-codec\commons-codec\1.10\commons-codec-1.10.jar;D:\maven_repository\cglib\cglib\3.2.8\cglib-3.2.8.jar;D:\maven_repository\org\ow2\asm\asm\6.2.1\asm-6.2.1.jar;D:\maven_repository\org\apache\ant\ant\1.10.3\ant-1.10.3.jar;D:\maven_repository\org\apache\ant\ant-launcher\1.10.3\ant-launcher-1.10.3.jar;D:\maven_repository\commons-validator\commons-validator\1.6\commons-validator-1.6.jar;D:\maven_repository\commons-beanutils\commons-beanutils\1.9.2\commons-beanutils-1.9.2.jar;D:\maven_repository\commons-digester\commons-digester\1.8.1\commons-digester-1.8.1.jar;D:\maven_repository\commons-collections\commons-collections\3.2.2\commons-collections-3.2.2.jar;D:\maven_repository\org\apache\commons\commons-lang3\3.8\commons-lang3-3.8.jar;D:\maven_repository\commons-io\commons-io\2.6\commons-io-2.6.jar;D:\maven_repository\org\springframework\spring-context\5.1.0.RELEASE\spring-context-5.1.0.RELEASE.jar;D:\maven_repository\org\springframework\spring-aop\5.1.0.RELEASE\spring-aop-5.1.0.RELEASE.jar;D:\maven_repository\org\springframework\spring-beans\5.1.0.RELEASE\spring-beans-5.1.0.RELEASE.jar;D:\maven_repository\org\springframework\spring-core\5.1.0.RELEASE\spring-core-5.1.0.RELEASE.jar;D:\maven_repository\org\springframework\spring-jcl\5.1.0.RELEASE\spring-jcl-5.1.0.RELEASE.jar;D:\maven_repository\org\springframework\spring-expression\5.1.0.RELEASE\spring-expression-5.1.0.RELEASE.jar;D:\maven_repository\org\aspectj\aspectjweaver\1.9.1\aspectjweaver-1.9.1.jar;D:\maven_repository\org\slf4j\slf4j-api\1.7.25\slf4j-api-1.7.25.jar;"/>
    <property name="java.vm.specification.version" value="1.8"/>
    <property name="sun.arch.data.model" value="64"/>
    <property name="java.home" value="C:\Program Files\Java\jdk1.8.0_162\jre"/>
    <property name="sun.java.command" value="E:\javascripts\study\testunitnew\target\surefire\surefirebooter3728777809344770512.jar E:\javascripts\study\testunitnew\target\surefire\surefire4581330902406019439tmp E:\javascripts\study\testunitnew\target\surefire\surefire2301567568621539505tmp"/>
    <property name="java.specification.vendor" value="Oracle Corporation"/>
    <property name="user.language" value="zh"/>
    <property name="awt.toolkit" value="sun.awt.windows.WToolkit"/>
    <property name="java.vm.info" value="mixed mode"/>
    <property name="java.version" value="1.8.0_162"/>
    <property name="java.ext.dirs" value="C:\Program Files\Java\jdk1.8.0_162\jre\lib\ext;C:\windows\Sun\Java\lib\ext"/>
    <property name="sun.boot.class.path" value="C:\Program Files\Java\jdk1.8.0_162\jre\lib\resources.jar;C:\Program Files\Java\jdk1.8.0_162\jre\lib\rt.jar;C:\Program Files\Java\jdk1.8.0_162\jre\lib\sunrsasign.jar;C:\Program Files\Java\jdk1.8.0_162\jre\lib\jsse.jar;C:\Program Files\Java\jdk1.8.0_162\jre\lib\jce.jar;C:\Program Files\Java\jdk1.8.0_162\jre\lib\charsets.jar;C:\Program Files\Java\jdk1.8.0_162\jre\lib\jfr.jar;C:\Program Files\Java\jdk1.8.0_162\jre\classes"/>
    <property name="java.vendor" value="Oracle Corporation"/>
    <property name="localRepository" value="D:\maven_repository"/>
    <property name="file.separator" value="\"/>
    <property name="java.vendor.url.bug" value="http://bugreport.sun.com/bugreport/"/>
    <property name="sun.cpu.endian" value="little"/>
    <property name="sun.io.unicode.encoding" value="UnicodeLittle"/>
    <property name="sun.desktop" value="windows"/>
    <property name="sun.cpu.isalist" value="amd64"/>
  </properties>
  <testcase classname="appium.testcase.TestSearch" name="search[0]" time="19.664"/>
  <testcase classname="appium.testcase.TestSearch" name="search[1]" time="15.914"/>
  <testcase classname="appium.testcase.TestSearch" name="search[2]" time="12.711"/>
</testsuite>