<?xml version="1.0" encoding="UTF-8" ?>
<testsuite tests="3" failures="0" name="mock.DivisionTest1" time="0.253" errors="0" skipped="0">
  <properties>
    <property name="java.runtime.name" value="Java(TM) SE Runtime Environment"/>
    <property name="sun.boot.library.path" value="C:\Program Files\Java\jdk1.8.0_162\jre\bin"/>
    <property name="java.vm.version" value="25.162-b12"/>
    <property name="java.vm.vendor" value="Oracle Corporation"/>
    <property name="java.vendor.url" value="http://java.oracle.com/"/>
    <property name="path.separator" value=";"/>
    <property name="java.vm.name" value="Java HotSpot(TM) 64-Bit Server VM"/>
    <property name="file.encoding.pkg" value="sun.io"/>
    <property name="user.script" value=""/>
    <property name="user.country" value="CN"/>
    <property name="sun.java.launcher" value="SUN_STANDARD"/>
    <property name="sun.os.patch.level" value="Service Pack 1"/>
    <property name="test" value="DivisionTest1"/>
    <property name="java.vm.specification.name" value="Java Virtual Machine Specification"/>
    <property name="user.dir" value="E:\javascripts\study\testunitnew"/>
    <property name="java.runtime.version" value="1.8.0_162-b12"/>
    <property name="java.awt.graphicsenv" value="sun.awt.Win32GraphicsEnvironment"/>
    <property name="basedir" value="E:\javascripts\study\testunitnew"/>
    <property name="java.endorsed.dirs" value="C:\Program Files\Java\jdk1.8.0_162\jre\lib\endorsed"/>
    <property name="os.arch" value="amd64"/>
    <property name="surefire.real.class.path" value="E:\javascripts\study\testunitnew\target\surefire\surefirebooter5905110850112482225.jar;D:\\maven_repository\\org\\jacoco\\org.jacoco.agent\\0.8.5\\org.jacoco.agent-0.8.5-runtime.jar"/>
    <property name="java.io.tmpdir" value="C:\Users\LIUJIA~1\AppData\Local\Temp\"/>
    <property name="line.separator" value="
"/>
    <property name="java.vm.specification.vendor" value="Oracle Corporation"/>
    <property name="user.variant" value=""/>
    <property name="os.name" value="Windows 7"/>
    <property name="sun.jnu.encoding" value="GBK"/>
    <property name="java.library.path" value="C:\Program Files\Java\jdk1.8.0_162\jre\bin;C:\windows\Sun\Java\bin;C:\windows\system32;C:\windows;D:\software\yidongduan\gitbash\mingw64\bin;D:\software\yidongduan\gitbash\usr\bin;C:\Users\liujiangbo\bin;C:\Program Files\Java\jdk1.8.0_162\bin;C:\Program Files\Java\jdk1.8.0_162\jre\bin;C:\Program Files (x86)\Common Files\Oracle\Java\javapath;C:\ProgramData\Oracle\JavD;D:\software\yidongduan\gitbash\software\node-v10.16.2-win-x64a\javapath;C:\Program Files (x86)\Intel\iCLS Client;C:\Program Files\Intel\iCLS Client;C:\windows\system32;C:\windows;C:\windows\System32\Wbem;C:\windows\System32\WindowsPowerShell\v1.0;C:\Program Files\Intel\WiFi\bin;C:\Program Files\Common Files\Intel\WirelessCommon;C:\Program Files\Lenovo\Touch Fingerprint Software;C:\Program Files (x86)\Intel\UCRT;C:\Program Files\Intel\UCRT;C:\Program Files (x86)\Intel\Intel(R) Management Engine Components\DAL;C:\Program Files\Intel\Intel(R) Management Engine Components\DAL;C:\Program Files (x86)\Intel\Intel(R) Management Engine Components\IPT;C:\Program Files\Intel\Intel(R) Management Engine Components\IPT;C:\Program Files\Java\jdk1.8.0_162\bin;C:\Program Files\Java\jdk1.8.0_162\jre\bin;C:\strawberry\c\bin;C:\strawberry\perl\bin;D:\software\maven3\bin;C:\Program Files\TortoiseGit\bin;D:\software\btrace-bin-1.3.5\bin;D:\Python36;D:\Python36\Lib\site-packages\django;D:\Python36\Lib\site-packages;D:\Python36\Lib;D:\software\tomcat8\bin;E:\software\mysql-8.0.16-winx64-1\bin;D:\software\node-v10.16.2-win-x64;D:\software\yidongduan\androidstudio\sdk\tools;D:\software\yidongduan\androidstudio\sdk\platform-tools;D:\software\yidongduan\gitbash\;D:\software\yidongduan\gitbash\usr\bin;C:\Program Files\Intel\WiFi\bin;C:\Program Files\Common Files\Intel\WirelessCommon;D:\Python36;D:\software\yidongduan\androidstudio\sdk\tools\bin;C:\Program Files\Java\jdk1.8.0_162\bin;C:\Program Files\Java\jdk1.8.0_162\jre\bin;."/>
    <property name="surefire.test.class.path" value="E:\javascripts\study\testunitnew\target\test-classes;E:\javascripts\study\testunitnew\target\classes;D:\maven_repository\junit\junit\4.12\junit-4.12.jar;D:\maven_repository\org\hamcrest\hamcrest-core\2.1\hamcrest-core-2.1.jar;D:\maven_repository\org\hamcrest\hamcrest\2.1\hamcrest-2.1.jar;D:\maven_repository\pl\pragmatists\JUnitParams\1.1.1\JUnitParams-1.1.1.jar;"/>
    <property name="java.specification.name" value="Java Platform API Specification"/>
    <property name="java.class.version" value="52.0"/>
    <property name="sun.management.compiler" value="HotSpot 64-Bit Tiered Compilers"/>
    <property name="os.version" value="6.1"/>
    <property name="user.home" value="C:\Users\liujiangbo"/>
    <property name="user.timezone" value=""/>
    <property name="java.awt.printerjob" value="sun.awt.windows.WPrinterJob"/>
    <property name="java.specification.version" value="1.8"/>
    <property name="file.encoding" value="GBK"/>
    <property name="user.name" value="liujiangbo"/>
    <property name="java.class.path" value="E:\javascripts\study\testunitnew\target\test-classes;E:\javascripts\study\testunitnew\target\classes;D:\maven_repository\junit\junit\4.12\junit-4.12.jar;D:\maven_repository\org\hamcrest\hamcrest-core\2.1\hamcrest-core-2.1.jar;D:\maven_repository\org\hamcrest\hamcrest\2.1\hamcrest-2.1.jar;D:\maven_repository\pl\pragmatists\JUnitParams\1.1.1\JUnitParams-1.1.1.jar;"/>
    <property name="java.vm.specification.version" value="1.8"/>
    <property name="sun.arch.data.model" value="64"/>
    <property name="java.home" value="C:\Program Files\Java\jdk1.8.0_162\jre"/>
    <property name="sun.java.command" value="E:\javascripts\study\testunitnew\target\surefire\surefirebooter5905110850112482225.jar E:\javascripts\study\testunitnew\target\surefire\surefire2390794528689333406tmp E:\javascripts\study\testunitnew\target\surefire\surefire3470938611623848465tmp"/>
    <property name="java.specification.vendor" value="Oracle Corporation"/>
    <property name="user.language" value="zh"/>
    <property name="awt.toolkit" value="sun.awt.windows.WToolkit"/>
    <property name="java.vm.info" value="mixed mode"/>
    <property name="java.version" value="1.8.0_162"/>
    <property name="java.ext.dirs" value="C:\Program Files\Java\jdk1.8.0_162\jre\lib\ext;C:\windows\Sun\Java\lib\ext"/>
    <property name="sun.boot.class.path" value="C:\Program Files\Java\jdk1.8.0_162\jre\lib\resources.jar;C:\Program Files\Java\jdk1.8.0_162\jre\lib\rt.jar;C:\Program Files\Java\jdk1.8.0_162\jre\lib\sunrsasign.jar;C:\Program Files\Java\jdk1.8.0_162\jre\lib\jsse.jar;C:\Program Files\Java\jdk1.8.0_162\jre\lib\jce.jar;C:\Program Files\Java\jdk1.8.0_162\jre\lib\charsets.jar;C:\Program Files\Java\jdk1.8.0_162\jre\lib\jfr.jar;C:\Program Files\Java\jdk1.8.0_162\jre\classes"/>
    <property name="java.vendor" value="Oracle Corporation"/>
    <property name="localRepository" value="D:\maven_repository"/>
    <property name="file.separator" value="\"/>
    <property name="java.vendor.url.bug" value="http://bugreport.sun.com/bugreport/"/>
    <property name="sun.cpu.endian" value="little"/>
    <property name="sun.io.unicode.encoding" value="UnicodeLittle"/>
    <property name="sun.desktop" value="windows"/>
    <property name="sun.cpu.isalist" value="amd64"/>
  </properties>
  <testcase classname="mock.DivisionTest1" name="divid" time="0.012"/>
  <testcase classname="mock.DivisionTest1" name="dividReturnWithZero" time="0"/>
  <testcase classname="mock.DivisionTest1" name="dividByZero" time="0"/>
</testsuite>